2022-05-04 12:30:08,956 [Worker-2: Loading available Gradle versions] INFO  o.e.b.c.i.u.g.PublishedGradleVersions - Gradle version information cache is up-to-date. Trying to read.
2022-05-04 12:40:47,437 [Worker-0: Loading available Gradle versions] INFO  o.e.b.c.i.u.g.PublishedGradleVersions - Gradle version information cache is up-to-date. Trying to read.
2022-05-04 12:42:16,755 [Worker-0: Loading available Gradle versions] INFO  o.e.b.c.i.u.g.PublishedGradleVersions - Gradle version information cache is up-to-date. Trying to read.
2022-05-04 12:44:15,559 [Worker-8: Update Maven projects configuration] INFO  o.e.m.c.i.p.ProjectConfigurationManager - Update started
2022-05-04 12:44:17,989 [Worker-8: Update Maven projects configuration] INFO  o.e.m.c.i.l.LifecycleMappingFactory - Using org.eclipse.m2e.jdt.JarLifecycleMapping lifecycle mapping for MavenProject: com.generation:blogpessoal:0.0.1-SNAPSHOT @ C:\Users\usuario\Desktop\atividade_blogpessoal49\blogpessoal_2022-05_crud_03_update.zip_expanded\blogpessoal_2022-05_crud_03_update\blogpessoal\pom.xml.
2022-05-04 12:44:20,808 [Worker-8: Update Maven projects configuration] INFO  o.e.m.j.i.AbstractJavaProjectConfigurator - Adding source folder /blogpessoal/src/main/java
2022-05-04 12:44:20,809 [Worker-8: Update Maven projects configuration] INFO  o.e.m.j.i.AbstractJavaProjectConfigurator - Adding resource folder /blogpessoal/src/main/resources
2022-05-04 12:44:20,844 [Worker-8: Update Maven projects configuration] INFO  o.e.m.j.i.AbstractJavaProjectConfigurator - Adding resource folder /blogpessoal/src/main/resources
2022-05-04 12:44:20,866 [Worker-8: Update Maven projects configuration] INFO  o.e.m.j.i.AbstractJavaProjectConfigurator - Adding source folder /blogpessoal/src/test/java
2022-05-04 12:44:21,735 [Worker-6: Building] INFO  o.e.m.c.i.embedder.EclipseLogger - Using 'UTF-8' encoding to copy filtered resources.
2022-05-04 12:44:21,736 [Worker-6: Building] INFO  o.e.m.c.i.embedder.EclipseLogger - Using 'UTF-8' encoding to copy filtered properties files.
2022-05-04 12:44:21,741 [Worker-6: Building] INFO  o.e.m.c.i.embedder.EclipseLogger - Copying 1 resource
2022-05-04 12:44:21,769 [Worker-6: Building] INFO  o.e.m.c.i.embedder.EclipseLogger - Copying 0 resource
2022-05-04 12:44:21,773 [Worker-6: Building] INFO  o.e.m.c.i.embedder.EclipseLogger - Using 'UTF-8' encoding to copy filtered resources.
2022-05-04 12:44:21,774 [Worker-6: Building] INFO  o.e.m.c.i.embedder.EclipseLogger - Using 'UTF-8' encoding to copy filtered properties files.
2022-05-04 12:44:21,774 [Worker-6: Building] INFO  o.e.m.c.i.embedder.EclipseLogger - skip non existing resourceDirectory C:\Users\usuario\Desktop\atividade_blogpessoal49\blogpessoal_2022-05_crud_03_update.zip_expanded\blogpessoal_2022-05_crud_03_update\blogpessoal\src\test\resources
2022-05-04 12:44:25,678 [Worker-8: Update Maven projects configuration] INFO  o.e.m.c.i.p.ProjectConfigurationManager - Update completed: 10 sec
2022-05-04 12:44:26,212 [Worker-3: Building] INFO  o.e.m.c.i.embedder.EclipseLogger - Using 'UTF-8' encoding to copy filtered resources.
2022-05-04 12:44:26,212 [Worker-3: Building] INFO  o.e.m.c.i.embedder.EclipseLogger - Using 'UTF-8' encoding to copy filtered properties files.
2022-05-04 12:44:26,216 [Worker-3: Building] INFO  o.e.m.c.i.embedder.EclipseLogger - Copying 1 resource
2022-05-04 12:44:26,219 [Worker-3: Building] INFO  o.e.m.c.i.embedder.EclipseLogger - Copying 0 resource
2022-05-04 12:44:26,222 [Worker-3: Building] INFO  o.e.m.c.i.embedder.EclipseLogger - Using 'UTF-8' encoding to copy filtered resources.
2022-05-04 12:44:26,222 [Worker-3: Building] INFO  o.e.m.c.i.embedder.EclipseLogger - Using 'UTF-8' encoding to copy filtered properties files.
2022-05-04 12:44:26,222 [Worker-3: Building] INFO  o.e.m.c.i.embedder.EclipseLogger - skip non existing resourceDirectory C:\Users\usuario\Desktop\atividade_blogpessoal49\blogpessoal_2022-05_crud_03_update.zip_expanded\blogpessoal_2022-05_crud_03_update\blogpessoal\src\test\resources
2022-05-04 12:49:14,599 [Worker-0: Loading available Gradle versions] INFO  o.e.b.c.i.u.g.PublishedGradleVersions - Gradle version information cache is up-to-date. Trying to read.
2022-05-04 12:53:58,424 [Worker-0: Loading available Gradle versions] INFO  o.e.b.c.i.u.g.PublishedGradleVersions - Gradle version information cache is up-to-date. Trying to read.
2022-05-04 12:54:53,553 [Worker-0: Loading available Gradle versions] INFO  o.e.b.c.i.u.g.PublishedGradleVersions - Gradle version information cache is up-to-date. Trying to read.
2022-05-04 13:59:10,996 [Worker-0: Loading available Gradle versions] INFO  o.e.b.c.i.u.g.PublishedGradleVersions - Gradle version information cache is up-to-date. Trying to read.
2022-05-04 14:03:11,336 [Worker-3: Update Maven projects configuration] INFO  o.e.m.c.i.p.ProjectConfigurationManager - Update started
2022-05-04 14:03:11,404 [Worker-3: Update Maven projects configuration] INFO  o.e.m.c.i.p.ProjectConfigurationManager - Update completed: 0 sec
2022-05-04 14:03:16,712 [Worker-0: Updating Maven Dependencies] INFO  o.e.m.c.i.l.LifecycleMappingFactory - Using org.eclipse.m2e.jdt.JarLifecycleMapping lifecycle mapping for MavenProject: com.generation:blogpessoal:0.0.1-SNAPSHOT @ C:\Users\usuario\Desktop\atividade_blogpessoal49\blogpessoal\pom.xml.
2022-05-10 15:41:05,167 [Worker-0: Loading available Gradle versions] INFO  o.e.b.c.i.u.g.PublishedGradleVersions - Gradle version information cache is out-of-date. Trying to update.
2022-05-10 15:45:34,292 [Worker-1: Loading available Gradle versions] INFO  o.e.b.c.i.u.g.PublishedGradleVersions - Gradle version information cache is up-to-date. Trying to read.
2022-05-10 15:59:18,234 [Worker-0: Loading available Gradle versions] INFO  o.e.b.c.i.u.g.PublishedGradleVersions - Gradle version information cache is up-to-date. Trying to read.
2022-05-10 16:20:17,325 [Worker-5: reload maven project] INFO  o.e.m.c.i.e.AbstractTransferListenerAdapter - Downloading https://repo.maven.apache.org/maven2/org/springframework/boot/spring-boot-starter-security/2.6.7/spring-boot-starter-security-2.6.7.pom
2022-05-10 16:20:17,580 [Worker-5: reload maven project] INFO  o.e.m.c.i.e.AbstractTransferListenerAdapter - Downloaded https://repo.maven.apache.org/maven2/org/springframework/boot/spring-boot-starter-security/2.6.7/spring-boot-starter-security-2.6.7.pom
2022-05-10 16:20:17,720 [Worker-5: reload maven project] INFO  o.e.m.c.i.e.AbstractTransferListenerAdapter - Downloading https://repo.maven.apache.org/maven2/org/springframework/security/spring-security-config/5.6.3/spring-security-config-5.6.3.pom
2022-05-10 16:20:17,888 [Worker-5: reload maven project] INFO  o.e.m.c.i.e.AbstractTransferListenerAdapter - Downloaded https://repo.maven.apache.org/maven2/org/springframework/security/spring-security-config/5.6.3/spring-security-config-5.6.3.pom
2022-05-10 16:20:18,033 [Worker-5: reload maven project] INFO  o.e.m.c.i.e.AbstractTransferListenerAdapter - Downloading https://repo.maven.apache.org/maven2/org/springframework/security/spring-security-core/5.6.3/spring-security-core-5.6.3.pom
2022-05-10 16:20:18,214 [Worker-5: reload maven project] INFO  o.e.m.c.i.e.AbstractTransferListenerAdapter - Downloaded https://repo.maven.apache.org/maven2/org/springframework/security/spring-security-core/5.6.3/spring-security-core-5.6.3.pom
2022-05-10 16:20:18,359 [Worker-5: reload maven project] INFO  o.e.m.c.i.e.AbstractTransferListenerAdapter - Downloading https://repo.maven.apache.org/maven2/org/springframework/security/spring-security-crypto/5.6.3/spring-security-crypto-5.6.3.pom
2022-05-10 16:20:18,558 [Worker-5: reload maven project] INFO  o.e.m.c.i.e.AbstractTransferListenerAdapter - Downloaded https://repo.maven.apache.org/maven2/org/springframework/security/spring-security-crypto/5.6.3/spring-security-crypto-5.6.3.pom
2022-05-10 16:20:18,700 [Worker-5: reload maven project] INFO  o.e.m.c.i.e.AbstractTransferListenerAdapter - Downloading https://repo.maven.apache.org/maven2/org/springframework/security/spring-security-web/5.6.3/spring-security-web-5.6.3.pom
2022-05-10 16:20:18,925 [Worker-5: reload maven project] INFO  o.e.m.c.i.e.AbstractTransferListenerAdapter - Downloaded https://repo.maven.apache.org/maven2/org/springframework/security/spring-security-web/5.6.3/spring-security-web-5.6.3.pom
2022-05-10 16:20:19,066 [Worker-5: reload maven project] INFO  o.e.m.c.i.e.AbstractTransferListenerAdapter - Downloading https://repo.maven.apache.org/maven2/commons-codec/commons-codec/1.15/commons-codec-1.15.pom
2022-05-10 16:20:19,251 [Worker-5: reload maven project] INFO  o.e.m.c.i.e.AbstractTransferListenerAdapter - Downloaded https://repo.maven.apache.org/maven2/commons-codec/commons-codec/1.15/commons-codec-1.15.pom
2022-05-10 16:20:20,443 [AetherRepositoryConnector-repo.maven.apache.org-0-0] INFO  o.e.m.c.i.e.AbstractTransferListenerAdapter - Downloading https://repo.maven.apache.org/maven2/org/springframework/boot/spring-boot-starter-security/2.6.7/spring-boot-starter-security-2.6.7.jar
2022-05-10 16:20:20,585 [AetherRepositoryConnector-repo.maven.apache.org-0-1] INFO  o.e.m.c.i.e.AbstractTransferListenerAdapter - Downloading https://repo.maven.apache.org/maven2/org/springframework/security/spring-security-config/5.6.3/spring-security-config-5.6.3.jar
2022-05-10 16:20:20,585 [AetherRepositoryConnector-repo.maven.apache.org-0-3] INFO  o.e.m.c.i.e.AbstractTransferListenerAdapter - Downloading https://repo.maven.apache.org/maven2/org/springframework/security/spring-security-crypto/5.6.3/spring-security-crypto-5.6.3.jar
2022-05-10 16:20:20,585 [AetherRepositoryConnector-repo.maven.apache.org-0-2] INFO  o.e.m.c.i.e.AbstractTransferListenerAdapter - Downloading https://repo.maven.apache.org/maven2/org/springframework/security/spring-security-core/5.6.3/spring-security-core-5.6.3.jar
2022-05-10 16:20:20,585 [AetherRepositoryConnector-repo.maven.apache.org-0-4] INFO  o.e.m.c.i.e.AbstractTransferListenerAdapter - Downloading https://repo.maven.apache.org/maven2/org/springframework/security/spring-security-web/5.6.3/spring-security-web-5.6.3.jar
2022-05-10 16:20:20,738 [AetherRepositoryConnector-repo.maven.apache.org-0-0] INFO  o.e.m.c.i.e.AbstractTransferListenerAdapter - Downloaded https://repo.maven.apache.org/maven2/org/springframework/boot/spring-boot-starter-security/2.6.7/spring-boot-starter-security-2.6.7.jar
2022-05-10 16:20:21,029 [AetherRepositoryConnector-repo.maven.apache.org-0-0] INFO  o.e.m.c.i.e.AbstractTransferListenerAdapter - Downloading https://repo.maven.apache.org/maven2/commons-codec/commons-codec/1.15/commons-codec-1.15.jar
2022-05-10 16:20:21,587 [AetherRepositoryConnector-repo.maven.apache.org-0-3] INFO  o.e.m.c.i.e.AbstractTransferListenerAdapter - Downloaded https://repo.maven.apache.org/maven2/org/springframework/security/spring-security-crypto/5.6.3/spring-security-crypto-5.6.3.jar
2022-05-10 16:20:21,808 [AetherRepositoryConnector-repo.maven.apache.org-0-0] INFO  o.e.m.c.i.e.AbstractTransferListenerAdapter - Downloaded https://repo.maven.apache.org/maven2/commons-codec/commons-codec/1.15/commons-codec-1.15.jar
2022-05-10 16:20:21,875 [AetherRepositoryConnector-repo.maven.apache.org-0-4] INFO  o.e.m.c.i.e.AbstractTransferListenerAdapter - Downloaded https://repo.maven.apache.org/maven2/org/springframework/security/spring-security-web/5.6.3/spring-security-web-5.6.3.jar
2022-05-10 16:20:21,878 [AetherRepositoryConnector-repo.maven.apache.org-0-2] INFO  o.e.m.c.i.e.AbstractTransferListenerAdapter - Downloaded https://repo.maven.apache.org/maven2/org/springframework/security/spring-security-core/5.6.3/spring-security-core-5.6.3.jar
2022-05-10 16:20:21,968 [AetherRepositoryConnector-repo.maven.apache.org-0-1] INFO  o.e.m.c.i.e.AbstractTransferListenerAdapter - Downloaded https://repo.maven.apache.org/maven2/org/springframework/security/spring-security-config/5.6.3/spring-security-config-5.6.3.jar
2022-05-10 16:22:59,583 [Worker-0: Loading available Gradle versions] INFO  o.e.b.c.i.u.g.PublishedGradleVersions - Gradle version information cache is up-to-date. Trying to read.
2022-05-10 17:26:39,195 [Worker-6: Updating Maven Project] INFO  o.e.m.c.i.p.ProjectConfigurationManager - Update started
2022-05-10 17:26:43,747 [Worker-6: Updating Maven Project] INFO  o.e.m.c.i.l.LifecycleMappingFactory - Using org.eclipse.m2e.jdt.JarLifecycleMapping lifecycle mapping for MavenProject: com.generation:blogpessoal:0.0.1-SNAPSHOT @ C:\Users\usuario\Desktop\atividade_blogpessoal49\blogpessoal\pom.xml.
2022-05-10 17:26:45,414 [Worker-6: Updating Maven Project] INFO  o.e.m.j.i.AbstractJavaProjectConfigurator - Adding source folder /blogpessoal/src/main/java
2022-05-10 17:26:45,415 [Worker-6: Updating Maven Project] INFO  o.e.m.j.i.AbstractJavaProjectConfigurator - Adding resource folder /blogpessoal/src/main/resources
2022-05-10 17:26:45,426 [Worker-6: Updating Maven Project] INFO  o.e.m.j.i.AbstractJavaProjectConfigurator - Adding resource folder /blogpessoal/src/main/resources
2022-05-10 17:26:45,436 [Worker-6: Updating Maven Project] INFO  o.e.m.j.i.AbstractJavaProjectConfigurator - Adding source folder /blogpessoal/src/test/java
2022-05-10 17:26:48,292 [Worker-6: Updating Maven Project] INFO  o.e.m.c.i.p.ProjectConfigurationManager - Update completed: 9 sec
2022-05-10 17:27:10,334 [Worker-22: Launching blogpessoal - BlogpessoalApplication] INFO  o.e.m.c.i.embedder.EclipseLogger - Using 'UTF-8' encoding to copy filtered resources.
2022-05-10 17:27:10,343 [Worker-22: Launching blogpessoal - BlogpessoalApplication] INFO  o.e.m.c.i.embedder.EclipseLogger - Using 'UTF-8' encoding to copy filtered properties files.
2022-05-10 17:27:10,360 [Worker-22: Launching blogpessoal - BlogpessoalApplication] INFO  o.e.m.c.i.embedder.EclipseLogger - Copying 1 resource
2022-05-10 17:27:10,413 [Worker-22: Launching blogpessoal - BlogpessoalApplication] INFO  o.e.m.c.i.embedder.EclipseLogger - Copying 0 resource
2022-05-10 17:27:10,418 [Worker-22: Launching blogpessoal - BlogpessoalApplication] INFO  o.e.m.c.i.embedder.EclipseLogger - Using 'UTF-8' encoding to copy filtered resources.
2022-05-10 17:27:10,418 [Worker-22: Launching blogpessoal - BlogpessoalApplication] INFO  o.e.m.c.i.embedder.EclipseLogger - Using 'UTF-8' encoding to copy filtered properties files.
2022-05-10 17:27:10,418 [Worker-22: Launching blogpessoal - BlogpessoalApplication] INFO  o.e.m.c.i.embedder.EclipseLogger - skip non existing resourceDirectory C:\Users\usuario\Desktop\atividade_blogpessoal49\blogpessoal\src\test\resources
2022-05-10 17:29:37,903 [Worker-24: Updating Maven Dependencies] INFO  o.e.m.c.i.l.LifecycleMappingFactory - Using org.eclipse.m2e.jdt.JarLifecycleMapping lifecycle mapping for MavenProject: com.generation:blogpessoal:0.0.1-SNAPSHOT @ C:\Users\usuario\Desktop\atividade_blogpessoal49\blogpessoal\pom.xml.
2022-05-10 17:29:43,495 [Worker-25: Launching blogpessoal - BlogpessoalApplication] INFO  o.e.m.c.i.embedder.EclipseLogger - Using 'UTF-8' encoding to copy filtered resources.
2022-05-10 17:29:43,496 [Worker-25: Launching blogpessoal - BlogpessoalApplication] INFO  o.e.m.c.i.embedder.EclipseLogger - Using 'UTF-8' encoding to copy filtered properties files.
2022-05-10 17:29:43,497 [Worker-25: Launching blogpessoal - BlogpessoalApplication] INFO  o.e.m.c.i.embedder.EclipseLogger - Copying 1 resource
2022-05-10 17:29:43,795 [Worker-25: Launching blogpessoal - BlogpessoalApplication] INFO  o.e.m.c.i.embedder.EclipseLogger - Copying 0 resource
2022-05-10 17:29:43,800 [Worker-25: Launching blogpessoal - BlogpessoalApplication] INFO  o.e.m.c.i.embedder.EclipseLogger - Using 'UTF-8' encoding to copy filtered resources.
2022-05-10 17:29:43,800 [Worker-25: Launching blogpessoal - BlogpessoalApplication] INFO  o.e.m.c.i.embedder.EclipseLogger - Using 'UTF-8' encoding to copy filtered properties files.
2022-05-10 17:29:43,801 [Worker-25: Launching blogpessoal - BlogpessoalApplication] INFO  o.e.m.c.i.embedder.EclipseLogger - skip non existing resourceDirectory C:\Users\usuario\Desktop\atividade_blogpessoal49\blogpessoal\src\test\resources
2022-05-10 23:16:28,883 [Worker-0: Loading available Gradle versions] INFO  o.e.b.c.i.u.g.PublishedGradleVersions - Gradle version information cache is up-to-date. Trying to read.
2022-05-11 00:32:56,816 [Worker-35: Launching blogpessoal - BlogpessoalApplication] INFO  o.e.m.c.i.embedder.EclipseLogger - Using 'UTF-8' encoding to copy filtered resources.
2022-05-11 00:32:56,872 [Worker-35: Launching blogpessoal - BlogpessoalApplication] INFO  o.e.m.c.i.embedder.EclipseLogger - Using 'UTF-8' encoding to copy filtered properties files.
2022-05-11 00:32:56,878 [Worker-35: Launching blogpessoal - BlogpessoalApplication] INFO  o.e.m.c.i.embedder.EclipseLogger - Copying 1 resource
2022-05-11 00:32:56,975 [Worker-35: Launching blogpessoal - BlogpessoalApplication] INFO  o.e.m.c.i.embedder.EclipseLogger - Copying 0 resource
2022-05-11 00:32:56,980 [Worker-35: Launching blogpessoal - BlogpessoalApplication] INFO  o.e.m.c.i.embedder.EclipseLogger - Using 'UTF-8' encoding to copy filtered resources.
2022-05-11 00:32:56,980 [Worker-35: Launching blogpessoal - BlogpessoalApplication] INFO  o.e.m.c.i.embedder.EclipseLogger - Using 'UTF-8' encoding to copy filtered properties files.
2022-05-11 00:32:56,980 [Worker-35: Launching blogpessoal - BlogpessoalApplication] INFO  o.e.m.c.i.embedder.EclipseLogger - skip non existing resourceDirectory C:\Users\usuario\Desktop\atividade_blogpessoal49\blogpessoal\src\test\resources
2022-05-11 00:46:25,240 [Worker-37: Launching blogpessoal - BlogpessoalApplication] INFO  o.e.m.c.i.embedder.EclipseLogger - Using 'UTF-8' encoding to copy filtered resources.
2022-05-11 00:46:25,240 [Worker-37: Launching blogpessoal - BlogpessoalApplication] INFO  o.e.m.c.i.embedder.EclipseLogger - Using 'UTF-8' encoding to copy filtered properties files.
2022-05-11 00:46:25,250 [Worker-37: Launching blogpessoal - BlogpessoalApplication] INFO  o.e.m.c.i.embedder.EclipseLogger - Copying 1 resource
2022-05-11 00:46:25,283 [Worker-37: Launching blogpessoal - BlogpessoalApplication] INFO  o.e.m.c.i.embedder.EclipseLogger - Copying 0 resource
2022-05-11 00:46:25,292 [Worker-37: Launching blogpessoal - BlogpessoalApplication] INFO  o.e.m.c.i.embedder.EclipseLogger - Using 'UTF-8' encoding to copy filtered resources.
2022-05-11 00:46:25,292 [Worker-37: Launching blogpessoal - BlogpessoalApplication] INFO  o.e.m.c.i.embedder.EclipseLogger - Using 'UTF-8' encoding to copy filtered properties files.
2022-05-11 00:46:25,292 [Worker-37: Launching blogpessoal - BlogpessoalApplication] INFO  o.e.m.c.i.embedder.EclipseLogger - skip non existing resourceDirectory C:\Users\usuario\Desktop\atividade_blogpessoal49\blogpessoal\src\test\resources
2022-05-11 08:42:25,834 [Worker-0: Loading available Gradle versions] INFO  o.e.b.c.i.u.g.PublishedGradleVersions - Gradle version information cache is up-to-date. Trying to read.
2022-05-11 12:55:53,570 [Worker-0: Loading available Gradle versions] INFO  o.e.b.c.i.u.g.PublishedGradleVersions - Gradle version information cache is up-to-date. Trying to read.
2022-05-11 12:57:46,647 [Worker-2: Updating Maven Project] INFO  o.e.m.c.i.p.ProjectConfigurationManager - Update started
2022-05-11 12:57:47,999 [Worker-2: Updating Maven Project] INFO  o.e.m.c.i.l.LifecycleMappingFactory - Using org.eclipse.m2e.jdt.JarLifecycleMapping lifecycle mapping for MavenProject: com.generation:blogpessoal:0.0.1-SNAPSHOT @ C:\Users\usuario\Desktop\atividade_blogpessoal49\blogpessoal\pom.xml.
2022-05-11 12:57:50,007 [Worker-2: Updating Maven Project] INFO  o.e.m.j.i.AbstractJavaProjectConfigurator - Adding source folder /blogpessoal/src/main/java
2022-05-11 12:57:50,009 [Worker-2: Updating Maven Project] INFO  o.e.m.j.i.AbstractJavaProjectConfigurator - Adding resource folder /blogpessoal/src/main/resources
2022-05-11 12:57:50,010 [Worker-2: Updating Maven Project] INFO  o.e.m.j.i.AbstractJavaProjectConfigurator - Adding resource folder /blogpessoal/src/main/resources
2022-05-11 12:57:50,011 [Worker-2: Updating Maven Project] INFO  o.e.m.j.i.AbstractJavaProjectConfigurator - Adding source folder /blogpessoal/src/test/java
2022-05-11 12:57:51,067 [Worker-2: Updating Maven Project] INFO  o.e.m.c.i.p.ProjectConfigurationManager - Update completed: 4 sec
2022-05-11 14:38:55,782 [Worker-15: Launching blogpessoal - BlogpessoalApplication] INFO  o.e.m.c.i.embedder.EclipseLogger - Using 'UTF-8' encoding to copy filtered resources.
2022-05-11 14:38:55,784 [Worker-15: Launching blogpessoal - BlogpessoalApplication] INFO  o.e.m.c.i.embedder.EclipseLogger - Using 'UTF-8' encoding to copy filtered properties files.
2022-05-11 14:38:55,793 [Worker-15: Launching blogpessoal - BlogpessoalApplication] INFO  o.e.m.c.i.embedder.EclipseLogger - Copying 1 resource
2022-05-11 14:38:55,839 [Worker-15: Launching blogpessoal - BlogpessoalApplication] INFO  o.e.m.c.i.embedder.EclipseLogger - Copying 0 resource
2022-05-11 14:38:55,845 [Worker-15: Launching blogpessoal - BlogpessoalApplication] INFO  o.e.m.c.i.embedder.EclipseLogger - Using 'UTF-8' encoding to copy filtered resources.
2022-05-11 14:38:55,845 [Worker-15: Launching blogpessoal - BlogpessoalApplication] INFO  o.e.m.c.i.embedder.EclipseLogger - Using 'UTF-8' encoding to copy filtered properties files.
2022-05-11 14:38:55,845 [Worker-15: Launching blogpessoal - BlogpessoalApplication] INFO  o.e.m.c.i.embedder.EclipseLogger - skip non existing resourceDirectory C:\Users\usuario\Desktop\atividade_blogpessoal49\blogpessoal\src\test\resources
2022-05-11 14:47:24,304 [Worker-25: Launching blogpessoal - BlogpessoalApplication] INFO  o.e.m.c.i.embedder.EclipseLogger - Using 'UTF-8' encoding to copy filtered resources.
2022-05-11 14:47:24,305 [Worker-25: Launching blogpessoal - BlogpessoalApplication] INFO  o.e.m.c.i.embedder.EclipseLogger - Using 'UTF-8' encoding to copy filtered properties files.
2022-05-11 14:47:24,309 [Worker-25: Launching blogpessoal - BlogpessoalApplication] INFO  o.e.m.c.i.embedder.EclipseLogger - Copying 1 resource
2022-05-11 14:47:24,447 [Worker-25: Launching blogpessoal - BlogpessoalApplication] INFO  o.e.m.c.i.embedder.EclipseLogger - Copying 0 resource
2022-05-11 14:47:24,449 [Worker-25: Launching blogpessoal - BlogpessoalApplication] INFO  o.e.m.c.i.embedder.EclipseLogger - Using 'UTF-8' encoding to copy filtered resources.
2022-05-11 14:47:24,450 [Worker-25: Launching blogpessoal - BlogpessoalApplication] INFO  o.e.m.c.i.embedder.EclipseLogger - Using 'UTF-8' encoding to copy filtered properties files.
2022-05-11 14:47:24,450 [Worker-25: Launching blogpessoal - BlogpessoalApplication] INFO  o.e.m.c.i.embedder.EclipseLogger - skip non existing resourceDirectory C:\Users\usuario\Desktop\atividade_blogpessoal49\blogpessoal\src\test\resources
2022-05-13 10:09:18,061 [Worker-0: Loading available Gradle versions] INFO  o.e.b.c.i.u.g.PublishedGradleVersions - Gradle version information cache is up-to-date. Trying to read.
2022-05-13 13:11:06,684 [Worker-15: Launching java] INFO  o.e.m.c.i.l.LifecycleMappingFactory - Using org.eclipse.m2e.jdt.JarLifecycleMapping lifecycle mapping for MavenProject: com.generation:blogpessoal:0.0.1-SNAPSHOT @ C:\Users\usuario\Desktop\atividade_blogpessoal49\blogpessoal\pom.xml.
2022-05-13 13:11:13,306 [Worker-15: Launching java] INFO  o.e.m.c.i.embedder.EclipseLogger - Using 'UTF-8' encoding to copy filtered resources.
2022-05-13 13:11:13,306 [Worker-15: Launching java] INFO  o.e.m.c.i.embedder.EclipseLogger - Using 'UTF-8' encoding to copy filtered properties files.
2022-05-13 13:11:13,312 [Worker-15: Launching java] INFO  o.e.m.c.i.embedder.EclipseLogger - Copying 1 resource
2022-05-13 13:11:13,352 [Worker-15: Launching java] INFO  o.e.m.c.i.embedder.EclipseLogger - Copying 0 resource
2022-05-13 13:11:13,375 [Worker-15: Launching java] INFO  o.e.m.c.i.embedder.EclipseLogger - Using 'UTF-8' encoding to copy filtered resources.
2022-05-13 13:11:13,375 [Worker-15: Launching java] INFO  o.e.m.c.i.embedder.EclipseLogger - Using 'UTF-8' encoding to copy filtered properties files.
2022-05-13 13:11:13,376 [Worker-15: Launching java] INFO  o.e.m.c.i.embedder.EclipseLogger - Copying 1 resource
2022-05-13 13:11:16,762 [Worker-17: Download sources and javadoc] INFO  o.e.m.c.i.e.AbstractTransferListenerAdapter - Downloading https://repo.maven.apache.org/maven2/com/h2database/h2/1.4.200/h2-1.4.200-sources.jar
2022-05-13 13:11:17,770 [Worker-17: Download sources and javadoc] INFO  o.e.m.c.i.e.AbstractTransferListenerAdapter - Downloaded https://repo.maven.apache.org/maven2/com/h2database/h2/1.4.200/h2-1.4.200-sources.jar
2022-05-13 13:11:18,106 [Worker-17: Download sources and javadoc] INFO  o.e.m.j.internal.DownloadSourcesJob - Downloaded sources for com.h2database:h2:1.4.200
2022-05-13 13:11:18,986 [Worker-15: Launching java] INFO  o.e.m.c.i.e.AbstractTransferListenerAdapter - Downloading https://repo.maven.apache.org/maven2/org/junit/platform/junit-platform-launcher/1.8.2/junit-platform-launcher-1.8.2.jar
2022-05-13 13:11:19,433 [Worker-15: Launching java] INFO  o.e.m.c.i.e.AbstractTransferListenerAdapter - Downloaded https://repo.maven.apache.org/maven2/org/junit/platform/junit-platform-launcher/1.8.2/junit-platform-launcher-1.8.2.jar
2022-05-16 10:33:39,644 [Worker-0: Loading available Gradle versions] INFO  o.e.b.c.i.u.g.PublishedGradleVersions - Gradle version information cache is out-of-date. Trying to update.
2022-05-16 11:02:25,588 [Worker-9: Launching java] INFO  o.e.m.c.i.embedder.EclipseLogger - Using 'UTF-8' encoding to copy filtered resources.
2022-05-16 11:02:25,590 [Worker-9: Launching java] INFO  o.e.m.c.i.embedder.EclipseLogger - Using 'UTF-8' encoding to copy filtered properties files.
2022-05-16 11:02:25,595 [Worker-9: Launching java] INFO  o.e.m.c.i.embedder.EclipseLogger - Copying 1 resource
2022-05-16 11:02:25,622 [Worker-9: Launching java] INFO  o.e.m.c.i.embedder.EclipseLogger - Copying 0 resource
2022-05-16 11:02:25,626 [Worker-9: Launching java] INFO  o.e.m.c.i.embedder.EclipseLogger - Using 'UTF-8' encoding to copy filtered resources.
2022-05-16 11:02:25,626 [Worker-9: Launching java] INFO  o.e.m.c.i.embedder.EclipseLogger - Using 'UTF-8' encoding to copy filtered properties files.
2022-05-16 11:02:25,627 [Worker-9: Launching java] INFO  o.e.m.c.i.embedder.EclipseLogger - Copying 1 resource
2022-05-16 17:30:41,057 [Worker-2: Loading available Gradle versions] INFO  o.e.b.c.i.u.g.PublishedGradleVersions - Gradle version information cache is up-to-date. Trying to read.
2022-05-16 17:57:37,680 [Worker-19: Launching blogpessoal - BlogpessoalApplication] INFO  o.e.m.c.i.l.LifecycleMappingFactory - Using org.eclipse.m2e.jdt.JarLifecycleMapping lifecycle mapping for MavenProject: com.generation:blogpessoal:0.0.1-SNAPSHOT @ C:\Users\usuario\Desktop\atividade_blogpessoal49\blogpessoal\pom.xml.
2022-05-16 17:57:40,643 [Worker-19: Launching blogpessoal - BlogpessoalApplication] INFO  o.e.m.c.i.embedder.EclipseLogger - Using 'UTF-8' encoding to copy filtered resources.
2022-05-16 17:57:40,643 [Worker-19: Launching blogpessoal - BlogpessoalApplication] INFO  o.e.m.c.i.embedder.EclipseLogger - Using 'UTF-8' encoding to copy filtered properties files.
2022-05-16 17:57:40,650 [Worker-19: Launching blogpessoal - BlogpessoalApplication] INFO  o.e.m.c.i.embedder.EclipseLogger - Copying 1 resource
2022-05-16 17:57:40,682 [Worker-19: Launching blogpessoal - BlogpessoalApplication] INFO  o.e.m.c.i.embedder.EclipseLogger - Copying 1 resource
2022-05-16 17:57:40,692 [Worker-19: Launching blogpessoal - BlogpessoalApplication] INFO  o.e.m.c.i.embedder.EclipseLogger - Using 'UTF-8' encoding to copy filtered resources.
2022-05-16 17:57:40,692 [Worker-19: Launching blogpessoal - BlogpessoalApplication] INFO  o.e.m.c.i.embedder.EclipseLogger - Using 'UTF-8' encoding to copy filtered properties files.
2022-05-16 17:57:40,693 [Worker-19: Launching blogpessoal - BlogpessoalApplication] INFO  o.e.m.c.i.embedder.EclipseLogger - Copying 1 resource
2022-05-16 17:57:43,716 [Worker-21: Download sources and javadoc] INFO  o.e.m.c.i.e.AbstractTransferListenerAdapter - Downloading https://repo.maven.apache.org/maven2/org/springdoc/springdoc-openapi-ui/1.6.3/springdoc-openapi-ui-1.6.3-sources.jar
2022-05-16 17:57:44,166 [Worker-21: Download sources and javadoc] INFO  o.e.m.c.i.e.AbstractTransferListenerAdapter - Downloaded https://repo.maven.apache.org/maven2/org/springdoc/springdoc-openapi-ui/1.6.3/springdoc-openapi-ui-1.6.3-sources.jar
2022-05-16 17:57:44,654 [Worker-21: Download sources and javadoc] INFO  o.e.m.j.internal.DownloadSourcesJob - Downloaded sources for org.springdoc:springdoc-openapi-ui:1.6.3
2022-05-16 17:57:46,153 [Worker-21: Download sources and javadoc] INFO  o.e.m.c.i.e.AbstractTransferListenerAdapter - Downloading https://repo.maven.apache.org/maven2/org/springdoc/springdoc-openapi-webmvc-core/1.6.3/springdoc-openapi-webmvc-core-1.6.3-sources.jar
2022-05-16 17:57:47,268 [Worker-21: Download sources and javadoc] INFO  o.e.m.c.i.e.AbstractTransferListenerAdapter - Downloaded https://repo.maven.apache.org/maven2/org/springdoc/springdoc-openapi-webmvc-core/1.6.3/springdoc-openapi-webmvc-core-1.6.3-sources.jar
2022-05-16 17:57:47,520 [Worker-21: Download sources and javadoc] INFO  o.e.m.j.internal.DownloadSourcesJob - Downloaded sources for org.springdoc:springdoc-openapi-webmvc-core:1.6.3
2022-05-16 17:57:48,312 [Worker-21: Download sources and javadoc] INFO  o.e.m.c.i.e.AbstractTransferListenerAdapter - Downloading https://repo.maven.apache.org/maven2/org/springdoc/springdoc-openapi-common/1.6.3/springdoc-openapi-common-1.6.3-sources.jar
2022-05-16 17:57:48,951 [Worker-21: Download sources and javadoc] INFO  o.e.m.c.i.e.AbstractTransferListenerAdapter - Downloaded https://repo.maven.apache.org/maven2/org/springdoc/springdoc-openapi-common/1.6.3/springdoc-openapi-common-1.6.3-sources.jar
2022-05-16 17:57:49,045 [Worker-21: Download sources and javadoc] INFO  o.e.m.j.internal.DownloadSourcesJob - Downloaded sources for org.springdoc:springdoc-openapi-common:1.6.3
2022-05-16 17:57:50,197 [Worker-21: Download sources and javadoc] INFO  o.e.m.c.i.e.AbstractTransferListenerAdapter - Downloading https://repo.maven.apache.org/maven2/io/swagger/core/v3/swagger-models/2.1.12/swagger-models-2.1.12-sources.jar
2022-05-16 17:57:50,816 [Worker-21: Download sources and javadoc] INFO  o.e.m.c.i.e.AbstractTransferListenerAdapter - Downloaded https://repo.maven.apache.org/maven2/io/swagger/core/v3/swagger-models/2.1.12/swagger-models-2.1.12-sources.jar
2022-05-16 17:57:51,075 [Worker-21: Download sources and javadoc] INFO  o.e.m.j.internal.DownloadSourcesJob - Downloaded sources for io.swagger.core.v3:swagger-models:2.1.12
2022-05-16 17:57:52,040 [Worker-21: Download sources and javadoc] INFO  o.e.m.c.i.e.AbstractTransferListenerAdapter - Downloading https://repo.maven.apache.org/maven2/io/swagger/core/v3/swagger-annotations/2.1.12/swagger-annotations-2.1.12-sources.jar
2022-05-16 17:57:52,350 [Worker-21: Download sources and javadoc] INFO  o.e.m.c.i.e.AbstractTransferListenerAdapter - Downloaded https://repo.maven.apache.org/maven2/io/swagger/core/v3/swagger-annotations/2.1.12/swagger-annotations-2.1.12-sources.jar
2022-05-16 17:57:52,572 [Worker-21: Download sources and javadoc] INFO  o.e.m.j.internal.DownloadSourcesJob - Downloaded sources for io.swagger.core.v3:swagger-annotations:2.1.12
2022-05-16 17:57:53,264 [Worker-21: Download sources and javadoc] INFO  o.e.m.c.i.e.AbstractTransferListenerAdapter - Downloading https://repo.maven.apache.org/maven2/io/swagger/core/v3/swagger-integration/2.1.12/swagger-integration-2.1.12-sources.jar
2022-05-16 17:57:53,680 [Worker-21: Download sources and javadoc] INFO  o.e.m.c.i.e.AbstractTransferListenerAdapter - Downloaded https://repo.maven.apache.org/maven2/io/swagger/core/v3/swagger-integration/2.1.12/swagger-integration-2.1.12-sources.jar
2022-05-16 17:57:53,910 [Worker-21: Download sources and javadoc] INFO  o.e.m.j.internal.DownloadSourcesJob - Downloaded sources for io.swagger.core.v3:swagger-integration:2.1.12
2022-05-16 17:57:54,901 [Worker-21: Download sources and javadoc] INFO  o.e.m.c.i.e.AbstractTransferListenerAdapter - Downloading https://repo.maven.apache.org/maven2/io/swagger/core/v3/swagger-core/2.1.12/swagger-core-2.1.12-sources.jar
2022-05-16 17:57:55,795 [Worker-21: Download sources and javadoc] INFO  o.e.m.c.i.e.AbstractTransferListenerAdapter - Downloaded https://repo.maven.apache.org/maven2/io/swagger/core/v3/swagger-core/2.1.12/swagger-core-2.1.12-sources.jar
2022-05-16 17:57:55,922 [Worker-21: Download sources and javadoc] INFO  o.e.m.j.internal.DownloadSourcesJob - Downloaded sources for io.swagger.core.v3:swagger-core:2.1.12
2022-05-16 17:57:56,675 [Worker-21: Download sources and javadoc] INFO  o.e.m.c.i.e.AbstractTransferListenerAdapter - Downloading https://repo.maven.apache.org/maven2/com/fasterxml/jackson/dataformat/jackson-dataformat-yaml/2.13.2/jackson-dataformat-yaml-2.13.2-sources.jar
2022-05-16 17:57:57,261 [Worker-21: Download sources and javadoc] INFO  o.e.m.c.i.e.AbstractTransferListenerAdapter - Downloaded https://repo.maven.apache.org/maven2/com/fasterxml/jackson/dataformat/jackson-dataformat-yaml/2.13.2/jackson-dataformat-yaml-2.13.2-sources.jar
2022-05-16 17:57:57,599 [Worker-21: Download sources and javadoc] INFO  o.e.m.j.internal.DownloadSourcesJob - Downloaded sources for com.fasterxml.jackson.dataformat:jackson-dataformat-yaml:2.13.2
2022-05-16 17:57:58,482 [Worker-21: Download sources and javadoc] INFO  o.e.m.c.i.e.AbstractTransferListenerAdapter - Downloading https://repo.maven.apache.org/maven2/io/github/classgraph/classgraph/4.8.117/classgraph-4.8.117-sources.jar
2022-05-16 17:57:59,330 [Worker-21: Download sources and javadoc] INFO  o.e.m.c.i.e.AbstractTransferListenerAdapter - Downloaded https://repo.maven.apache.org/maven2/io/github/classgraph/classgraph/4.8.117/classgraph-4.8.117-sources.jar
2022-05-16 17:57:59,499 [Worker-21: Download sources and javadoc] INFO  o.e.m.j.internal.DownloadSourcesJob - Downloaded sources for io.github.classgraph:classgraph:4.8.117
2022-05-16 17:58:00,152 [Worker-21: Download sources and javadoc] INFO  o.e.m.c.i.e.AbstractTransferListenerAdapter - Downloading https://repo.maven.apache.org/maven2/io/github/toolfactory/jvm-driver/4.0.0/jvm-driver-4.0.0-sources.jar
2022-05-16 17:58:00,741 [Worker-21: Download sources and javadoc] INFO  o.e.m.c.i.e.AbstractTransferListenerAdapter - Downloaded https://repo.maven.apache.org/maven2/io/github/toolfactory/jvm-driver/4.0.0/jvm-driver-4.0.0-sources.jar
2022-05-16 17:58:00,993 [Worker-21: Download sources and javadoc] INFO  o.e.m.j.internal.DownloadSourcesJob - Downloaded sources for io.github.toolfactory:jvm-driver:4.0.0
2022-05-16 17:58:02,163 [Worker-21: Download sources and javadoc] INFO  o.e.m.c.i.e.AbstractTransferListenerAdapter - Downloading https://repo.maven.apache.org/maven2/io/github/toolfactory/narcissus/1.0.1/narcissus-1.0.1-sources.jar
2022-05-16 17:58:02,470 [Worker-21: Download sources and javadoc] INFO  o.e.m.c.i.e.AbstractTransferListenerAdapter - Downloaded https://repo.maven.apache.org/maven2/io/github/toolfactory/narcissus/1.0.1/narcissus-1.0.1-sources.jar
2022-05-16 17:58:02,689 [Worker-21: Download sources and javadoc] INFO  o.e.m.j.internal.DownloadSourcesJob - Downloaded sources for io.github.toolfactory:narcissus:1.0.1
2022-05-16 17:58:03,596 [Worker-21: Download sources and javadoc] INFO  o.e.m.c.i.e.AbstractTransferListenerAdapter - Downloading https://repo.maven.apache.org/maven2/org/apache/commons/commons-lang3/3.12.0/commons-lang3-3.12.0-sources.jar
2022-05-16 17:58:16,655 [Worker-21: Download sources and javadoc] INFO  o.e.m.c.i.e.AbstractTransferListenerAdapter - Downloaded https://repo.maven.apache.org/maven2/org/apache/commons/commons-lang3/3.12.0/commons-lang3-3.12.0-sources.jar
2022-05-16 17:58:16,799 [Worker-21: Download sources and javadoc] INFO  o.e.m.j.internal.DownloadSourcesJob - Downloaded sources for org.apache.commons:commons-lang3:3.12.0
2022-05-16 17:58:17,804 [Worker-21: Download sources and javadoc] INFO  o.e.m.c.i.e.AbstractTransferListenerAdapter - Downloaded https://repo.maven.apache.org/maven2/org/webjars/swagger-ui/4.1.3/swagger-ui-4.1.3-sources.jar
2022-05-16 17:58:17,812 [Worker-21: Download sources and javadoc] ERROR o.e.m.j.internal.DownloadSourcesJob - Could not download sources for org.webjars:swagger-ui:4.1.3
org.eclipse.core.runtime.CoreException: Could not resolve artifact org.webjars:swagger-ui:jar:sources:4.1.3
	at org.eclipse.m2e.core.internal.embedder.MavenImpl.lambda$4(MavenImpl.java:828)
	at org.eclipse.m2e.core.internal.embedder.MavenExecutionContext.executeBare(MavenExecutionContext.java:182)
	at org.eclipse.m2e.core.internal.embedder.MavenExecutionContext.execute(MavenExecutionContext.java:117)
	at org.eclipse.m2e.core.internal.embedder.MavenExecutionContext.execute(MavenExecutionContext.java:103)
	at org.eclipse.m2e.core.internal.embedder.MavenImpl.resolve(MavenImpl.java:796)
	at org.eclipse.m2e.core.internal.embedder.MavenImpl.resolve(MavenImpl.java:773)
	at org.eclipse.m2e.jdt.internal.DownloadSourcesJob.download(DownloadSourcesJob.java:311)
	at org.eclipse.m2e.jdt.internal.DownloadSourcesJob.downloadAttachments(DownloadSourcesJob.java:285)
	at org.eclipse.m2e.jdt.internal.DownloadSourcesJob.downloadMaven(DownloadSourcesJob.java:255)
	at org.eclipse.m2e.jdt.internal.DownloadSourcesJob.downloadFilesAndPopulateToUpdate(DownloadSourcesJob.java:223)
	at org.eclipse.m2e.jdt.internal.DownloadSourcesJob.lambda$0(DownloadSourcesJob.java:152)
	at org.eclipse.m2e.core.internal.embedder.MavenExecutionContext.executeBare(MavenExecutionContext.java:182)
	at org.eclipse.m2e.core.internal.embedder.MavenExecutionContext.execute(MavenExecutionContext.java:156)
	at org.eclipse.m2e.core.internal.embedder.MavenExecutionContext.execute(MavenExecutionContext.java:103)
	at org.eclipse.m2e.core.internal.embedder.MavenImpl.execute(MavenImpl.java:1416)
	at org.eclipse.m2e.jdt.internal.DownloadSourcesJob.run(DownloadSourcesJob.java:152)
	at org.eclipse.core.internal.jobs.Worker.run(Worker.java:63)
2022-05-16 17:58:18,701 [Worker-21: Download sources and javadoc] INFO  o.e.m.c.i.e.AbstractTransferListenerAdapter - Downloading https://repo.maven.apache.org/maven2/org/webjars/webjars-locator-core/0.48/webjars-locator-core-0.48-sources.jar
2022-05-16 17:58:19,535 [Worker-21: Download sources and javadoc] INFO  o.e.m.c.i.e.AbstractTransferListenerAdapter - Downloaded https://repo.maven.apache.org/maven2/org/webjars/webjars-locator-core/0.48/webjars-locator-core-0.48-sources.jar
2022-05-16 17:58:19,816 [Worker-21: Download sources and javadoc] INFO  o.e.m.j.internal.DownloadSourcesJob - Downloaded sources for org.webjars:webjars-locator-core:0.48
2022-05-16 20:58:47,057 [Worker-31: Launching blogpessoal - BlogpessoalApplication] INFO  o.e.m.c.i.embedder.EclipseLogger - Using 'UTF-8' encoding to copy filtered resources.
2022-05-16 20:58:47,058 [Worker-31: Launching blogpessoal - BlogpessoalApplication] INFO  o.e.m.c.i.embedder.EclipseLogger - Using 'UTF-8' encoding to copy filtered properties files.
2022-05-16 20:58:47,062 [Worker-31: Launching blogpessoal - BlogpessoalApplication] INFO  o.e.m.c.i.embedder.EclipseLogger - Copying 1 resource
2022-05-16 20:58:47,131 [Worker-31: Launching blogpessoal - BlogpessoalApplication] INFO  o.e.m.c.i.embedder.EclipseLogger - Copying 1 resource
2022-05-16 20:58:47,140 [Worker-31: Launching blogpessoal - BlogpessoalApplication] INFO  o.e.m.c.i.embedder.EclipseLogger - Using 'UTF-8' encoding to copy filtered resources.
2022-05-16 20:58:47,140 [Worker-31: Launching blogpessoal - BlogpessoalApplication] INFO  o.e.m.c.i.embedder.EclipseLogger - Using 'UTF-8' encoding to copy filtered properties files.
2022-05-16 20:58:47,141 [Worker-31: Launching blogpessoal - BlogpessoalApplication] INFO  o.e.m.c.i.embedder.EclipseLogger - Copying 1 resource
2022-05-16 20:58:49,515 [Worker-29: Download sources and javadoc] INFO  o.e.m.c.i.e.AbstractTransferListenerAdapter - Downloading https://repo.maven.apache.org/maven2/org/webjars/swagger-ui/4.1.3/swagger-ui-4.1.3-javadoc.jar
2022-05-16 20:58:53,863 [Worker-29: Download sources and javadoc] INFO  o.e.m.c.i.e.AbstractTransferListenerAdapter - Downloaded https://repo.maven.apache.org/maven2/org/webjars/swagger-ui/4.1.3/swagger-ui-4.1.3-javadoc.jar
2022-05-16 20:58:54,013 [Worker-29: Download sources and javadoc] INFO  o.e.m.j.internal.DownloadSourcesJob - Downloaded javadoc for org.webjars:swagger-ui:4.1.3
2022-05-16 20:59:10,475 [Worker-36: Launching blogpessoal - BlogpessoalApplication] INFO  o.e.m.c.i.embedder.EclipseLogger - Using 'UTF-8' encoding to copy filtered resources.
2022-05-16 20:59:10,476 [Worker-36: Launching blogpessoal - BlogpessoalApplication] INFO  o.e.m.c.i.embedder.EclipseLogger - Using 'UTF-8' encoding to copy filtered properties files.
2022-05-16 20:59:10,477 [Worker-36: Launching blogpessoal - BlogpessoalApplication] INFO  o.e.m.c.i.embedder.EclipseLogger - Copying 0 resource
2022-05-16 20:59:10,477 [Worker-36: Launching blogpessoal - BlogpessoalApplication] INFO  o.e.m.c.i.embedder.EclipseLogger - Copying 0 resource
2022-05-16 20:59:10,480 [Worker-36: Launching blogpessoal - BlogpessoalApplication] INFO  o.e.m.c.i.embedder.EclipseLogger - Using 'UTF-8' encoding to copy filtered resources.
2022-05-16 20:59:10,480 [Worker-36: Launching blogpessoal - BlogpessoalApplication] INFO  o.e.m.c.i.embedder.EclipseLogger - Using 'UTF-8' encoding to copy filtered properties files.
2022-05-16 20:59:10,480 [Worker-36: Launching blogpessoal - BlogpessoalApplication] INFO  o.e.m.c.i.embedder.EclipseLogger - Copying 0 resource
2022-05-16 21:53:27,460 [Worker-48: Launching blogpessoal - BlogpessoalApplication] INFO  o.e.m.c.i.embedder.EclipseLogger - Using 'UTF-8' encoding to copy filtered resources.
2022-05-16 21:53:27,461 [Worker-48: Launching blogpessoal - BlogpessoalApplication] INFO  o.e.m.c.i.embedder.EclipseLogger - Using 'UTF-8' encoding to copy filtered properties files.
2022-05-16 21:53:27,462 [Worker-48: Launching blogpessoal - BlogpessoalApplication] INFO  o.e.m.c.i.embedder.EclipseLogger - Copying 1 resource
2022-05-16 21:53:27,484 [Worker-48: Launching blogpessoal - BlogpessoalApplication] INFO  o.e.m.c.i.embedder.EclipseLogger - Copying 1 resource
2022-05-16 21:53:27,487 [Worker-48: Launching blogpessoal - BlogpessoalApplication] INFO  o.e.m.c.i.embedder.EclipseLogger - Using 'UTF-8' encoding to copy filtered resources.
2022-05-16 21:53:27,488 [Worker-48: Launching blogpessoal - BlogpessoalApplication] INFO  o.e.m.c.i.embedder.EclipseLogger - Using 'UTF-8' encoding to copy filtered properties files.
2022-05-16 21:53:27,488 [Worker-48: Launching blogpessoal - BlogpessoalApplication] INFO  o.e.m.c.i.embedder.EclipseLogger - Copying 0 resource
2022-05-16 21:56:45,955 [Worker-1: Loading available Gradle versions] INFO  o.e.b.c.i.u.g.PublishedGradleVersions - Gradle version information cache is up-to-date. Trying to read.
2022-05-17 10:55:26,701 [Worker-1: Loading available Gradle versions] INFO  o.e.b.c.i.u.g.PublishedGradleVersions - Gradle version information cache is out-of-date. Trying to update.
2022-05-17 12:55:13,987 [Worker-19: Updating Maven Project] INFO  o.e.m.c.i.p.ProjectConfigurationManager - Update started
2022-05-17 12:55:18,624 [Worker-19: Updating Maven Project] INFO  o.e.m.c.i.l.LifecycleMappingFactory - Using org.eclipse.m2e.jdt.JarLifecycleMapping lifecycle mapping for MavenProject: com.generation:blogpessoal:0.0.1-SNAPSHOT @ C:\Users\usuario\Desktop\atividade_blogpessoal49\blogpessoal\pom.xml.
2022-05-17 12:55:23,373 [Worker-19: Updating Maven Project] INFO  o.e.m.j.i.AbstractJavaProjectConfigurator - Adding source folder /blogpessoal/src/main/java
2022-05-17 12:55:23,374 [Worker-19: Updating Maven Project] INFO  o.e.m.j.i.AbstractJavaProjectConfigurator - Adding resource folder /blogpessoal/src/main/resources
2022-05-17 12:55:23,375 [Worker-19: Updating Maven Project] INFO  o.e.m.j.i.AbstractJavaProjectConfigurator - Adding resource folder /blogpessoal/src/main/resources
2022-05-17 12:55:23,376 [Worker-19: Updating Maven Project] INFO  o.e.m.j.i.AbstractJavaProjectConfigurator - Adding source folder /blogpessoal/src/test/java
2022-05-17 12:55:23,376 [Worker-19: Updating Maven Project] INFO  o.e.m.j.i.AbstractJavaProjectConfigurator - Adding resource folder /blogpessoal/src/test/resources
2022-05-17 12:55:24,605 [Worker-19: Updating Maven Project] INFO  o.e.m.c.i.p.ProjectConfigurationManager - Update completed: 10 sec
2022-05-17 12:55:27,143 [Worker-27: Download sources and javadoc] INFO  o.e.m.c.i.e.AbstractTransferListenerAdapter - Downloading https://repo.maven.apache.org/maven2/org/postgresql/postgresql/42.3.4/postgresql-42.3.4-sources.jar
2022-05-17 12:55:30,191 [Worker-27: Download sources and javadoc] INFO  o.e.m.c.i.e.AbstractTransferListenerAdapter - Downloaded https://repo.maven.apache.org/maven2/org/postgresql/postgresql/42.3.4/postgresql-42.3.4-sources.jar
2022-05-17 12:55:30,197 [Worker-27: Download sources and javadoc] INFO  o.e.m.j.internal.DownloadSourcesJob - Downloaded sources for org.postgresql:postgresql:42.3.4
2022-05-17 12:55:30,783 [Worker-27: Download sources and javadoc] INFO  o.e.m.c.i.e.AbstractTransferListenerAdapter - Downloading https://repo.maven.apache.org/maven2/org/checkerframework/checker-qual/3.5.0/checker-qual-3.5.0-sources.jar
2022-05-17 12:55:31,297 [Worker-27: Download sources and javadoc] INFO  o.e.m.c.i.e.AbstractTransferListenerAdapter - Downloaded https://repo.maven.apache.org/maven2/org/checkerframework/checker-qual/3.5.0/checker-qual-3.5.0-sources.jar
2022-05-17 12:55:31,303 [Worker-27: Download sources and javadoc] INFO  o.e.m.j.internal.DownloadSourcesJob - Downloaded sources for org.checkerframework:checker-qual:3.5.0
2022-05-19 17:10:10,136 [Worker-0: Loading available Gradle versions] INFO  o.e.b.c.i.u.g.PublishedGradleVersions - Gradle version information cache is up-to-date. Trying to read.
2022-05-19 17:11:06,643 [Worker-4: Launching blogpessoal - BlogpessoalApplication] INFO  o.e.m.c.i.embedder.EclipseLogger - Using 'UTF-8' encoding to copy filtered resources.
2022-05-19 17:11:06,644 [Worker-4: Launching blogpessoal - BlogpessoalApplication] INFO  o.e.m.c.i.embedder.EclipseLogger - Using 'UTF-8' encoding to copy filtered properties files.
2022-05-19 17:11:06,658 [Worker-4: Launching blogpessoal - BlogpessoalApplication] INFO  o.e.m.c.i.embedder.EclipseLogger - Copying 3 resources
2022-05-19 17:11:06,751 [Worker-4: Launching blogpessoal - BlogpessoalApplication] INFO  o.e.m.c.i.embedder.EclipseLogger - Copying 1 resource
2022-05-19 17:11:06,799 [Worker-4: Launching blogpessoal - BlogpessoalApplication] INFO  o.e.m.c.i.embedder.EclipseLogger - Using 'UTF-8' encoding to copy filtered resources.
2022-05-19 17:11:06,799 [Worker-4: Launching blogpessoal - BlogpessoalApplication] INFO  o.e.m.c.i.embedder.EclipseLogger - Using 'UTF-8' encoding to copy filtered properties files.
2022-05-19 17:11:06,800 [Worker-4: Launching blogpessoal - BlogpessoalApplication] INFO  o.e.m.c.i.embedder.EclipseLogger - Copying 1 resource
2022-05-19 17:20:37,726 [Worker-6: Launching blogpessoal - BlogpessoalApplication] INFO  o.e.m.c.i.embedder.EclipseLogger - Using 'UTF-8' encoding to copy filtered resources.
2022-05-19 17:20:37,726 [Worker-6: Launching blogpessoal - BlogpessoalApplication] INFO  o.e.m.c.i.embedder.EclipseLogger - Using 'UTF-8' encoding to copy filtered properties files.
2022-05-19 17:20:37,730 [Worker-6: Launching blogpessoal - BlogpessoalApplication] INFO  o.e.m.c.i.embedder.EclipseLogger - Copying 0 resource
2022-05-19 17:20:37,731 [Worker-6: Launching blogpessoal - BlogpessoalApplication] INFO  o.e.m.c.i.embedder.EclipseLogger - Copying 0 resource
2022-05-19 17:20:37,736 [Worker-6: Launching blogpessoal - BlogpessoalApplication] INFO  o.e.m.c.i.embedder.EclipseLogger - Using 'UTF-8' encoding to copy filtered resources.
2022-05-19 17:20:37,737 [Worker-6: Launching blogpessoal - BlogpessoalApplication] INFO  o.e.m.c.i.embedder.EclipseLogger - Using 'UTF-8' encoding to copy filtered properties files.
2022-05-19 17:20:37,737 [Worker-6: Launching blogpessoal - BlogpessoalApplication] INFO  o.e.m.c.i.embedder.EclipseLogger - Copying 0 resource
2022-05-20 09:29:26,749 [Worker-1: Loading available Gradle versions] INFO  o.e.b.c.i.u.g.PublishedGradleVersions - Gradle version information cache is up-to-date. Trying to read.
2022-05-20 11:41:19,996 [Worker-9: Launching blogpessoal - BlogpessoalApplication] INFO  o.e.m.c.i.embedder.EclipseLogger - Using 'UTF-8' encoding to copy filtered resources.
2022-05-20 11:41:20,008 [Worker-9: Launching blogpessoal - BlogpessoalApplication] INFO  o.e.m.c.i.embedder.EclipseLogger - Using 'UTF-8' encoding to copy filtered properties files.
2022-05-20 11:41:20,015 [Worker-9: Launching blogpessoal - BlogpessoalApplication] INFO  o.e.m.c.i.embedder.EclipseLogger - Copying 3 resources
2022-05-20 11:41:20,127 [Worker-9: Launching blogpessoal - BlogpessoalApplication] INFO  o.e.m.c.i.embedder.EclipseLogger - Copying 0 resource
2022-05-20 11:41:20,135 [Worker-9: Launching blogpessoal - BlogpessoalApplication] INFO  o.e.m.c.i.embedder.EclipseLogger - Using 'UTF-8' encoding to copy filtered resources.
2022-05-20 11:41:20,135 [Worker-9: Launching blogpessoal - BlogpessoalApplication] INFO  o.e.m.c.i.embedder.EclipseLogger - Using 'UTF-8' encoding to copy filtered properties files.
2022-05-20 11:41:20,136 [Worker-9: Launching blogpessoal - BlogpessoalApplication] INFO  o.e.m.c.i.embedder.EclipseLogger - Copying 1 resource
